<?xml version="1.0" encoding="utf-8"?><testsuites name="pytest tests"><testsuite name="pytest" errors="0" failures="0" skipped="0" tests="5" time="3.573" timestamp="2026-03-31T19:41:55.240080+00:00" hostname="agent-env-1a3d84ef-6544-4038-98b5-3eb39b2736bf"><testcase classname="tests.test_api.TestHealthCheck" name="test_health_check_returns_200" time="0.317" /><testcase classname="tests.test_api.TestHealthCheck" name="test_health_check_returns_json" time="0.135" /><testcase classname="tests.test_api.TestStatusEndpoints" name="test_create_status_check" time="2.420" /><testcase classname="tests.test_api.TestStatusEndpoints" name="test_get_status_checks" time="0.300" /><testcase classname="tests.test_api.TestStatusEndpoints" name="test_create_and_verify_persistence" time="0.335" /></testsuite></testsuites>